2018-10-24 14:28:21,303 - Log4JLogChute initialized using file 'velocity.log'
2018-10-24 14:28:21,303 - Initializing Velocity, Calling init()...
2018-10-24 14:28:21,303 - Starting Apache Velocity v1.7 (compiled: 2010-11-19 12:14:37)
2018-10-24 14:28:21,303 - Default Properties File: org\apache\velocity\runtime\defaults\velocity.properties
2018-10-24 14:28:21,303 - Trying to use logger class org.apache.velocity.runtime.log.AvalonLogChute
2018-10-24 14:28:21,303 - Target log system for org.apache.velocity.runtime.log.AvalonLogChute is not available (java.lang.NoClassDefFoundError: org/apache/log/format/Formatter).  Falling back to next log system...
2018-10-24 14:28:21,303 - Trying to use logger class org.apache.velocity.runtime.log.Log4JLogChute
2018-10-24 14:28:21,304 - Using logger class org.apache.velocity.runtime.log.Log4JLogChute
2018-10-24 14:28:21,308 - ResourceLoader instantiated: org.apache.velocity.runtime.resource.loader.FileResourceLoader
2018-10-24 14:28:21,312 - Do unicode file recognition:  false
2018-10-24 14:28:21,312 - FileResourceLoader : adding path 'config/template'
2018-10-24 14:28:21,319 - ResourceCache: initialized (class org.apache.velocity.runtime.resource.ResourceCacheImpl) with class java.util.Collections$SynchronizedMap cache map.
2018-10-24 14:28:21,320 - Loaded System Directive: org.apache.velocity.runtime.directive.Stop
2018-10-24 14:28:21,321 - Loaded System Directive: org.apache.velocity.runtime.directive.Define
2018-10-24 14:28:21,321 - Loaded System Directive: org.apache.velocity.runtime.directive.Break
2018-10-24 14:28:21,322 - Loaded System Directive: org.apache.velocity.runtime.directive.Evaluate
2018-10-24 14:28:21,322 - Loaded System Directive: org.apache.velocity.runtime.directive.Literal
2018-10-24 14:28:21,323 - Loaded System Directive: org.apache.velocity.runtime.directive.Macro
2018-10-24 14:28:21,324 - Loaded System Directive: org.apache.velocity.runtime.directive.Parse
2018-10-24 14:28:21,325 - Loaded System Directive: org.apache.velocity.runtime.directive.Include
2018-10-24 14:28:21,326 - Loaded System Directive: org.apache.velocity.runtime.directive.Foreach
2018-10-24 14:28:21,349 - Created '20' parsers.
2018-10-24 14:28:21,354 - Velocimacro : "velocimacro.library" is not set.  Trying default library: VM_global_library.vm
2018-10-24 14:28:21,354 - Velocimacro : Default library not found.
2018-10-24 14:28:21,354 - Velocimacro : allowInline = true : VMs can be defined inline in templates
2018-10-24 14:28:21,354 - Velocimacro : allowInlineToOverride = false : VMs defined inline may NOT replace previous VM definitions
2018-10-24 14:28:21,354 - Velocimacro : allowInlineLocal = false : VMs defined inline will be global in scope if allowed.
2018-10-24 14:28:21,354 - Velocimacro : autoload off : VM system will not automatically reload global library macros
2018-10-24 14:28:21,356 - ResourceManager : unable to find resource 'webentity.vm' in any resource loader.
2018-10-24 14:28:21,359 - ResourceManager : unable to find resource 'webservice.vm' in any resource loader.
2018-10-24 14:28:21,360 - ResourceManager : unable to find resource 'webserviceImpl.vm' in any resource loader.
2018-10-24 14:28:21,361 - ResourceManager : unable to find resource 'webentity.vm' in any resource loader.
2018-10-24 14:28:21,363 - ResourceManager : unable to find resource 'webservice.vm' in any resource loader.
2018-10-24 14:28:21,364 - ResourceManager : unable to find resource 'webserviceImpl.vm' in any resource loader.
2018-10-24 14:28:21,366 - ResourceManager : unable to find resource 'webentity.vm' in any resource loader.
2018-10-24 14:28:21,368 - ResourceManager : unable to find resource 'webservice.vm' in any resource loader.
2018-10-24 14:28:21,370 - ResourceManager : unable to find resource 'webserviceImpl.vm' in any resource loader.
2018-10-24 14:28:21,372 - ResourceManager : unable to find resource 'webentity.vm' in any resource loader.
2018-10-24 14:28:21,374 - ResourceManager : unable to find resource 'webservice.vm' in any resource loader.
2018-10-24 14:28:21,376 - ResourceManager : unable to find resource 'webserviceImpl.vm' in any resource loader.
2018-10-24 14:28:21,377 - ResourceManager : unable to find resource 'webentity.vm' in any resource loader.
2018-10-24 14:28:21,379 - ResourceManager : unable to find resource 'webservice.vm' in any resource loader.
2018-10-24 14:28:21,382 - ResourceManager : unable to find resource 'webserviceImpl.vm' in any resource loader.
2018-10-24 14:28:21,384 - ResourceManager : unable to find resource 'webentity.vm' in any resource loader.
2018-10-24 14:28:21,388 - ResourceManager : unable to find resource 'webservice.vm' in any resource loader.
2018-10-24 14:28:21,389 - ResourceManager : unable to find resource 'webserviceImpl.vm' in any resource loader.
2018-10-24 14:28:21,392 - ResourceManager : unable to find resource 'webentity.vm' in any resource loader.
2018-10-24 14:28:21,394 - ResourceManager : unable to find resource 'webservice.vm' in any resource loader.
2018-10-24 14:28:21,395 - ResourceManager : unable to find resource 'webserviceImpl.vm' in any resource loader.
2018-10-24 14:28:21,397 - ResourceManager : unable to find resource 'webentity.vm' in any resource loader.
2018-10-24 14:28:21,399 - ResourceManager : unable to find resource 'webservice.vm' in any resource loader.
2018-10-24 14:28:21,401 - ResourceManager : unable to find resource 'webserviceImpl.vm' in any resource loader.
2018-10-24 14:28:21,403 - ResourceManager : unable to find resource 'webentity.vm' in any resource loader.
2018-10-24 14:28:21,405 - ResourceManager : unable to find resource 'webservice.vm' in any resource loader.
2018-10-24 14:28:21,406 - ResourceManager : unable to find resource 'webserviceImpl.vm' in any resource loader.
2018-10-24 14:28:21,408 - ResourceManager : unable to find resource 'webentity.vm' in any resource loader.
2018-10-24 14:28:21,410 - ResourceManager : unable to find resource 'webservice.vm' in any resource loader.
2018-10-24 14:28:21,412 - ResourceManager : unable to find resource 'webserviceImpl.vm' in any resource loader.
2018-10-24 14:28:21,413 - ResourceManager : unable to find resource 'webentity.vm' in any resource loader.
2018-10-24 14:28:21,415 - ResourceManager : unable to find resource 'webservice.vm' in any resource loader.
2018-10-24 14:28:21,418 - ResourceManager : unable to find resource 'webserviceImpl.vm' in any resource loader.
2018-10-24 14:28:21,420 - ResourceManager : unable to find resource 'webentity.vm' in any resource loader.
2018-10-24 14:28:21,422 - ResourceManager : unable to find resource 'webservice.vm' in any resource loader.
2018-10-24 14:28:21,424 - ResourceManager : unable to find resource 'webserviceImpl.vm' in any resource loader.
2018-10-24 14:28:21,426 - ResourceManager : unable to find resource 'webentity.vm' in any resource loader.
2018-10-24 14:28:21,428 - ResourceManager : unable to find resource 'webservice.vm' in any resource loader.
2018-10-24 14:28:21,430 - ResourceManager : unable to find resource 'webserviceImpl.vm' in any resource loader.
2018-10-24 14:28:21,432 - ResourceManager : unable to find resource 'webentity.vm' in any resource loader.
2018-10-24 14:28:21,433 - ResourceManager : unable to find resource 'webservice.vm' in any resource loader.
2018-10-24 14:28:21,435 - ResourceManager : unable to find resource 'webserviceImpl.vm' in any resource loader.
2018-10-24 14:28:21,437 - ResourceManager : unable to find resource 'webentity.vm' in any resource loader.
2018-10-24 14:28:21,439 - ResourceManager : unable to find resource 'webservice.vm' in any resource loader.
2018-10-24 14:28:21,441 - ResourceManager : unable to find resource 'webserviceImpl.vm' in any resource loader.
2018-10-24 14:28:21,442 - ResourceManager : unable to find resource 'webentity.vm' in any resource loader.
2018-10-24 14:28:21,444 - ResourceManager : unable to find resource 'webservice.vm' in any resource loader.
2018-10-24 14:28:21,446 - ResourceManager : unable to find resource 'webserviceImpl.vm' in any resource loader.
2018-10-24 14:28:21,448 - ResourceManager : unable to find resource 'webentity.vm' in any resource loader.
2018-10-24 14:28:21,450 - ResourceManager : unable to find resource 'webentity.vm' in any resource loader.
2018-10-24 14:28:21,452 - ResourceManager : unable to find resource 'webservice.vm' in any resource loader.
2018-10-24 14:28:21,454 - ResourceManager : unable to find resource 'webserviceImpl.vm' in any resource loader.
2018-10-24 14:28:21,455 - ResourceManager : unable to find resource 'webentity.vm' in any resource loader.
2018-10-24 14:28:21,457 - ResourceManager : unable to find resource 'webservice.vm' in any resource loader.
2018-10-24 14:28:21,459 - ResourceManager : unable to find resource 'webserviceImpl.vm' in any resource loader.
2018-10-24 14:28:21,461 - ResourceManager : unable to find resource 'webentity.vm' in any resource loader.
2018-10-24 14:28:21,463 - ResourceManager : unable to find resource 'webservice.vm' in any resource loader.
2018-10-24 14:28:21,465 - ResourceManager : unable to find resource 'webserviceImpl.vm' in any resource loader.
2018-10-24 14:28:21,466 - ResourceManager : unable to find resource 'webentity.vm' in any resource loader.
2018-10-24 14:28:21,468 - ResourceManager : unable to find resource 'webservice.vm' in any resource loader.
2018-10-24 14:28:21,470 - ResourceManager : unable to find resource 'webserviceImpl.vm' in any resource loader.
2018-10-24 14:28:21,472 - ResourceManager : unable to find resource 'webentity.vm' in any resource loader.
2018-10-24 14:28:21,473 - ResourceManager : unable to find resource 'webentity.vm' in any resource loader.
2018-10-24 14:28:21,475 - ResourceManager : unable to find resource 'webservice.vm' in any resource loader.
2018-10-24 14:28:21,477 - ResourceManager : unable to find resource 'webserviceImpl.vm' in any resource loader.
2018-10-24 14:28:21,479 - ResourceManager : unable to find resource 'webentity.vm' in any resource loader.
2018-10-24 14:28:21,480 - ResourceManager : unable to find resource 'webservice.vm' in any resource loader.
2018-10-24 14:28:21,482 - ResourceManager : unable to find resource 'webserviceImpl.vm' in any resource loader.
2018-10-24 14:28:21,484 - ResourceManager : unable to find resource 'webentity.vm' in any resource loader.
2018-10-24 14:28:21,486 - ResourceManager : unable to find resource 'webservice.vm' in any resource loader.
2018-10-24 14:28:21,488 - ResourceManager : unable to find resource 'webserviceImpl.vm' in any resource loader.
2018-10-24 14:28:21,489 - ResourceManager : unable to find resource 'webentity.vm' in any resource loader.
2018-10-24 14:28:21,491 - ResourceManager : unable to find resource 'webservice.vm' in any resource loader.
2018-10-24 14:28:21,493 - ResourceManager : unable to find resource 'webserviceImpl.vm' in any resource loader.
2018-10-24 14:28:21,495 - ResourceManager : unable to find resource 'webentity.vm' in any resource loader.
2018-10-24 14:28:21,497 - ResourceManager : unable to find resource 'webservice.vm' in any resource loader.
2018-10-24 14:28:21,499 - ResourceManager : unable to find resource 'webserviceImpl.vm' in any resource loader.
2018-10-24 14:28:21,501 - ResourceManager : unable to find resource 'webentity.vm' in any resource loader.
2018-10-24 14:28:21,503 - ResourceManager : unable to find resource 'webservice.vm' in any resource loader.
2018-10-24 14:28:21,504 - ResourceManager : unable to find resource 'webserviceImpl.vm' in any resource loader.
2018-10-24 14:28:21,506 - ResourceManager : unable to find resource 'webentity.vm' in any resource loader.
2018-10-24 14:28:21,508 - ResourceManager : unable to find resource 'webentity.vm' in any resource loader.
2018-10-24 14:28:21,510 - ResourceManager : unable to find resource 'webservice.vm' in any resource loader.
2018-10-24 14:28:21,512 - ResourceManager : unable to find resource 'webserviceImpl.vm' in any resource loader.
2018-10-24 14:28:21,514 - ResourceManager : unable to find resource 'webentity.vm' in any resource loader.
2018-10-24 14:28:21,515 - ResourceManager : unable to find resource 'webservice.vm' in any resource loader.
2018-10-24 14:28:21,518 - ResourceManager : unable to find resource 'webserviceImpl.vm' in any resource loader.
2018-10-24 14:28:21,520 - ResourceManager : unable to find resource 'webentity.vm' in any resource loader.
2018-10-24 14:28:21,522 - ResourceManager : unable to find resource 'webservice.vm' in any resource loader.
2018-10-24 14:28:21,524 - ResourceManager : unable to find resource 'webserviceImpl.vm' in any resource loader.
2018-10-24 14:28:21,527 - ResourceManager : unable to find resource 'webentity.vm' in any resource loader.
2018-10-24 14:28:21,529 - ResourceManager : unable to find resource 'webservice.vm' in any resource loader.
2018-10-24 14:28:21,531 - ResourceManager : unable to find resource 'webserviceImpl.vm' in any resource loader.
2018-10-24 14:28:21,533 - ResourceManager : unable to find resource 'webentity.vm' in any resource loader.
2018-10-24 14:28:21,535 - ResourceManager : unable to find resource 'webservice.vm' in any resource loader.
2018-10-24 14:28:21,537 - ResourceManager : unable to find resource 'webserviceImpl.vm' in any resource loader.
2018-10-24 14:28:21,538 - ResourceManager : unable to find resource 'webentity.vm' in any resource loader.
2018-10-24 14:28:21,540 - ResourceManager : unable to find resource 'webservice.vm' in any resource loader.
2018-10-24 14:28:21,542 - ResourceManager : unable to find resource 'webserviceImpl.vm' in any resource loader.
2018-10-24 14:28:21,544 - ResourceManager : unable to find resource 'webentity.vm' in any resource loader.
2018-10-24 14:28:21,546 - ResourceManager : unable to find resource 'webservice.vm' in any resource loader.
2018-10-24 14:28:21,548 - ResourceManager : unable to find resource 'webserviceImpl.vm' in any resource loader.
2018-10-24 14:28:21,550 - ResourceManager : unable to find resource 'webentity.vm' in any resource loader.
2018-10-24 14:28:21,551 - ResourceManager : unable to find resource 'webservice.vm' in any resource loader.
2018-10-24 14:28:21,553 - ResourceManager : unable to find resource 'webserviceImpl.vm' in any resource loader.
2018-10-24 14:28:21,555 - ResourceManager : unable to find resource 'webentity.vm' in any resource loader.
2018-10-24 14:28:21,557 - ResourceManager : unable to find resource 'webservice.vm' in any resource loader.
2018-10-24 14:28:21,559 - ResourceManager : unable to find resource 'webserviceImpl.vm' in any resource loader.
2018-10-24 14:28:21,561 - ResourceManager : unable to find resource 'webentity.vm' in any resource loader.
2018-10-24 14:28:21,563 - ResourceManager : unable to find resource 'webservice.vm' in any resource loader.
2018-10-24 14:28:21,565 - ResourceManager : unable to find resource 'webserviceImpl.vm' in any resource loader.
2018-10-24 14:28:21,568 - ResourceManager : unable to find resource 'webentity.vm' in any resource loader.
2018-10-24 14:28:21,570 - ResourceManager : unable to find resource 'webservice.vm' in any resource loader.
2018-10-24 14:28:21,574 - ResourceManager : unable to find resource 'webserviceImpl.vm' in any resource loader.
2018-10-24 14:28:21,576 - ResourceManager : unable to find resource 'webentity.vm' in any resource loader.
2018-10-24 14:28:21,578 - ResourceManager : unable to find resource 'webservice.vm' in any resource loader.
2018-10-24 14:28:21,580 - ResourceManager : unable to find resource 'webserviceImpl.vm' in any resource loader.
2018-10-24 14:28:21,582 - ResourceManager : unable to find resource 'webentity.vm' in any resource loader.
2018-10-24 14:28:21,584 - ResourceManager : unable to find resource 'webservice.vm' in any resource loader.
2018-10-24 14:28:21,586 - ResourceManager : unable to find resource 'webserviceImpl.vm' in any resource loader.
2018-10-24 14:28:21,590 - ResourceManager : unable to find resource 'Utils.vm' in any resource loader.
2018-10-24 14:28:21,591 - ResourceManager : unable to find resource 'Config.vm' in any resource loader.
2018-10-24 14:28:21,592 - ResourceManager : unable to find resource 'annotation.vm' in any resource loader.
2018-10-24 14:28:21,594 - ResourceManager : unable to find resource 'interceptor.vm' in any resource loader.
2018-10-24 14:28:21,595 - ResourceManager : unable to find resource 'repository.vm' in any resource loader.
2018-10-24 14:28:21,597 - ResourceManager : unable to find resource 'pom.vm' in any resource loader.
2018-10-24 14:30:54,045 - Log4JLogChute initialized using file 'velocity.log'
2018-10-24 14:30:54,046 - Initializing Velocity, Calling init()...
2018-10-24 14:30:54,046 - Starting Apache Velocity v1.7 (compiled: 2010-11-19 12:14:37)
2018-10-24 14:30:54,046 - Default Properties File: org\apache\velocity\runtime\defaults\velocity.properties
2018-10-24 14:30:54,046 - Trying to use logger class org.apache.velocity.runtime.log.AvalonLogChute
2018-10-24 14:30:54,046 - Target log system for org.apache.velocity.runtime.log.AvalonLogChute is not available (java.lang.NoClassDefFoundError: org/apache/log/format/Formatter).  Falling back to next log system...
2018-10-24 14:30:54,046 - Trying to use logger class org.apache.velocity.runtime.log.Log4JLogChute
2018-10-24 14:30:54,046 - Using logger class org.apache.velocity.runtime.log.Log4JLogChute
2018-10-24 14:30:54,052 - ResourceLoader instantiated: org.apache.velocity.runtime.resource.loader.FileResourceLoader
2018-10-24 14:30:54,053 - Do unicode file recognition:  false
2018-10-24 14:30:54,053 - FileResourceLoader : adding path 'config/template'
2018-10-24 14:30:54,062 - ResourceCache: initialized (class org.apache.velocity.runtime.resource.ResourceCacheImpl) with class java.util.Collections$SynchronizedMap cache map.
2018-10-24 14:30:54,063 - Loaded System Directive: org.apache.velocity.runtime.directive.Stop
2018-10-24 14:30:54,065 - Loaded System Directive: org.apache.velocity.runtime.directive.Define
2018-10-24 14:30:54,067 - Loaded System Directive: org.apache.velocity.runtime.directive.Break
2018-10-24 14:30:54,068 - Loaded System Directive: org.apache.velocity.runtime.directive.Evaluate
2018-10-24 14:30:54,068 - Loaded System Directive: org.apache.velocity.runtime.directive.Literal
2018-10-24 14:30:54,070 - Loaded System Directive: org.apache.velocity.runtime.directive.Macro
2018-10-24 14:30:54,071 - Loaded System Directive: org.apache.velocity.runtime.directive.Parse
2018-10-24 14:30:54,072 - Loaded System Directive: org.apache.velocity.runtime.directive.Include
2018-10-24 14:30:54,074 - Loaded System Directive: org.apache.velocity.runtime.directive.Foreach
2018-10-24 14:30:54,102 - Created '20' parsers.
2018-10-24 14:30:54,108 - Velocimacro : "velocimacro.library" is not set.  Trying default library: VM_global_library.vm
2018-10-24 14:30:54,109 - Velocimacro : Default library not found.
2018-10-24 14:30:54,109 - Velocimacro : allowInline = true : VMs can be defined inline in templates
2018-10-24 14:30:54,109 - Velocimacro : allowInlineToOverride = false : VMs defined inline may NOT replace previous VM definitions
2018-10-24 14:30:54,109 - Velocimacro : allowInlineLocal = false : VMs defined inline will be global in scope if allowed.
2018-10-24 14:30:54,109 - Velocimacro : autoload off : VM system will not automatically reload global library macros
2018-10-24 14:30:54,110 - ResourceManager : unable to find resource 'webentity.vm' in any resource loader.
2018-10-24 14:30:54,113 - ResourceManager : unable to find resource 'webservice.vm' in any resource loader.
2018-10-24 14:30:54,116 - ResourceManager : unable to find resource 'webserviceImpl.vm' in any resource loader.
2018-10-24 14:30:54,118 - ResourceManager : unable to find resource 'webentity.vm' in any resource loader.
2018-10-24 14:30:54,121 - ResourceManager : unable to find resource 'webservice.vm' in any resource loader.
2018-10-24 14:30:54,123 - ResourceManager : unable to find resource 'webserviceImpl.vm' in any resource loader.
2018-10-24 14:30:54,124 - ResourceManager : unable to find resource 'webentity.vm' in any resource loader.
2018-10-24 14:30:54,126 - ResourceManager : unable to find resource 'webservice.vm' in any resource loader.
2018-10-24 14:30:54,128 - ResourceManager : unable to find resource 'webserviceImpl.vm' in any resource loader.
2018-10-24 14:30:54,130 - ResourceManager : unable to find resource 'webentity.vm' in any resource loader.
2018-10-24 14:30:54,132 - ResourceManager : unable to find resource 'webservice.vm' in any resource loader.
2018-10-24 14:30:54,134 - ResourceManager : unable to find resource 'webserviceImpl.vm' in any resource loader.
2018-10-24 14:30:54,136 - ResourceManager : unable to find resource 'webentity.vm' in any resource loader.
2018-10-24 14:30:54,138 - ResourceManager : unable to find resource 'webservice.vm' in any resource loader.
2018-10-24 14:30:54,141 - ResourceManager : unable to find resource 'webserviceImpl.vm' in any resource loader.
2018-10-24 14:30:54,143 - ResourceManager : unable to find resource 'webentity.vm' in any resource loader.
2018-10-24 14:30:54,151 - ResourceManager : unable to find resource 'webservice.vm' in any resource loader.
2018-10-24 14:30:54,153 - ResourceManager : unable to find resource 'webserviceImpl.vm' in any resource loader.
2018-10-24 14:30:54,155 - ResourceManager : unable to find resource 'webentity.vm' in any resource loader.
2018-10-24 14:30:54,157 - ResourceManager : unable to find resource 'webservice.vm' in any resource loader.
2018-10-24 14:30:54,159 - ResourceManager : unable to find resource 'webserviceImpl.vm' in any resource loader.
2018-10-24 14:30:54,161 - ResourceManager : unable to find resource 'webentity.vm' in any resource loader.
2018-10-24 14:30:54,163 - ResourceManager : unable to find resource 'webservice.vm' in any resource loader.
2018-10-24 14:30:54,166 - ResourceManager : unable to find resource 'webserviceImpl.vm' in any resource loader.
2018-10-24 14:30:54,168 - ResourceManager : unable to find resource 'webentity.vm' in any resource loader.
2018-10-24 14:30:54,170 - ResourceManager : unable to find resource 'webservice.vm' in any resource loader.
2018-10-24 14:30:54,171 - ResourceManager : unable to find resource 'webserviceImpl.vm' in any resource loader.
2018-10-24 14:30:54,173 - ResourceManager : unable to find resource 'webentity.vm' in any resource loader.
2018-10-24 14:30:54,175 - ResourceManager : unable to find resource 'webservice.vm' in any resource loader.
2018-10-24 14:30:54,177 - ResourceManager : unable to find resource 'webserviceImpl.vm' in any resource loader.
2018-10-24 14:30:54,179 - ResourceManager : unable to find resource 'webentity.vm' in any resource loader.
2018-10-24 14:30:54,181 - ResourceManager : unable to find resource 'webservice.vm' in any resource loader.
2018-10-24 14:30:54,187 - ResourceManager : unable to find resource 'webserviceImpl.vm' in any resource loader.
2018-10-24 14:30:54,190 - ResourceManager : unable to find resource 'webentity.vm' in any resource loader.
2018-10-24 14:30:54,195 - ResourceManager : unable to find resource 'webservice.vm' in any resource loader.
2018-10-24 14:30:54,205 - ResourceManager : unable to find resource 'webserviceImpl.vm' in any resource loader.
2018-10-24 14:30:54,208 - ResourceManager : unable to find resource 'webentity.vm' in any resource loader.
2018-10-24 14:30:54,211 - ResourceManager : unable to find resource 'webservice.vm' in any resource loader.
2018-10-24 14:30:54,213 - ResourceManager : unable to find resource 'webserviceImpl.vm' in any resource loader.
2018-10-24 14:30:54,215 - ResourceManager : unable to find resource 'webentity.vm' in any resource loader.
2018-10-24 14:30:54,218 - ResourceManager : unable to find resource 'webservice.vm' in any resource loader.
2018-10-24 14:30:54,220 - ResourceManager : unable to find resource 'webserviceImpl.vm' in any resource loader.
2018-10-24 14:30:54,221 - ResourceManager : unable to find resource 'webentity.vm' in any resource loader.
2018-10-24 14:30:54,225 - ResourceManager : unable to find resource 'webservice.vm' in any resource loader.
2018-10-24 14:30:54,226 - ResourceManager : unable to find resource 'webserviceImpl.vm' in any resource loader.
2018-10-24 14:30:54,235 - ResourceManager : unable to find resource 'webentity.vm' in any resource loader.
2018-10-24 14:30:54,237 - ResourceManager : unable to find resource 'webservice.vm' in any resource loader.
2018-10-24 14:30:54,239 - ResourceManager : unable to find resource 'webserviceImpl.vm' in any resource loader.
2018-10-24 14:30:54,243 - ResourceManager : unable to find resource 'webentity.vm' in any resource loader.
2018-10-24 14:30:54,249 - ResourceManager : unable to find resource 'webentity.vm' in any resource loader.
2018-10-24 14:30:54,254 - ResourceManager : unable to find resource 'webservice.vm' in any resource loader.
2018-10-24 14:30:54,257 - ResourceManager : unable to find resource 'webserviceImpl.vm' in any resource loader.
2018-10-24 14:30:54,260 - ResourceManager : unable to find resource 'webentity.vm' in any resource loader.
2018-10-24 14:30:54,266 - ResourceManager : unable to find resource 'webservice.vm' in any resource loader.
2018-10-24 14:30:54,269 - ResourceManager : unable to find resource 'webserviceImpl.vm' in any resource loader.
2018-10-24 14:30:54,271 - ResourceManager : unable to find resource 'webentity.vm' in any resource loader.
2018-10-24 14:30:54,272 - ResourceManager : unable to find resource 'webservice.vm' in any resource loader.
2018-10-24 14:30:54,274 - ResourceManager : unable to find resource 'webserviceImpl.vm' in any resource loader.
2018-10-24 14:30:54,276 - ResourceManager : unable to find resource 'webentity.vm' in any resource loader.
2018-10-24 14:30:54,278 - ResourceManager : unable to find resource 'webservice.vm' in any resource loader.
2018-10-24 14:30:54,280 - ResourceManager : unable to find resource 'webserviceImpl.vm' in any resource loader.
2018-10-24 14:30:54,283 - ResourceManager : unable to find resource 'webentity.vm' in any resource loader.
2018-10-24 14:30:54,285 - ResourceManager : unable to find resource 'webentity.vm' in any resource loader.
2018-10-24 14:30:54,287 - ResourceManager : unable to find resource 'webservice.vm' in any resource loader.
2018-10-24 14:30:54,289 - ResourceManager : unable to find resource 'webserviceImpl.vm' in any resource loader.
2018-10-24 14:30:54,291 - ResourceManager : unable to find resource 'webentity.vm' in any resource loader.
2018-10-24 14:30:54,293 - ResourceManager : unable to find resource 'webservice.vm' in any resource loader.
2018-10-24 14:30:54,295 - ResourceManager : unable to find resource 'webserviceImpl.vm' in any resource loader.
2018-10-24 14:30:54,297 - ResourceManager : unable to find resource 'webentity.vm' in any resource loader.
2018-10-24 14:30:54,299 - ResourceManager : unable to find resource 'webservice.vm' in any resource loader.
2018-10-24 14:30:54,301 - ResourceManager : unable to find resource 'webserviceImpl.vm' in any resource loader.
2018-10-24 14:30:54,303 - ResourceManager : unable to find resource 'webentity.vm' in any resource loader.
2018-10-24 14:30:54,304 - ResourceManager : unable to find resource 'webservice.vm' in any resource loader.
2018-10-24 14:30:54,307 - ResourceManager : unable to find resource 'webserviceImpl.vm' in any resource loader.
2018-10-24 14:30:54,308 - ResourceManager : unable to find resource 'webentity.vm' in any resource loader.
2018-10-24 14:30:54,310 - ResourceManager : unable to find resource 'webservice.vm' in any resource loader.
2018-10-24 14:30:54,314 - ResourceManager : unable to find resource 'webserviceImpl.vm' in any resource loader.
2018-10-24 14:30:54,317 - ResourceManager : unable to find resource 'webentity.vm' in any resource loader.
2018-10-24 14:30:54,320 - ResourceManager : unable to find resource 'webservice.vm' in any resource loader.
2018-10-24 14:30:54,322 - ResourceManager : unable to find resource 'webserviceImpl.vm' in any resource loader.
2018-10-24 14:30:54,324 - ResourceManager : unable to find resource 'webentity.vm' in any resource loader.
2018-10-24 14:30:54,328 - ResourceManager : unable to find resource 'webentity.vm' in any resource loader.
2018-10-24 14:30:54,329 - ResourceManager : unable to find resource 'webservice.vm' in any resource loader.
2018-10-24 14:30:54,332 - ResourceManager : unable to find resource 'webserviceImpl.vm' in any resource loader.
2018-10-24 14:30:54,335 - ResourceManager : unable to find resource 'webentity.vm' in any resource loader.
2018-10-24 14:30:54,337 - ResourceManager : unable to find resource 'webservice.vm' in any resource loader.
2018-10-24 14:30:54,339 - ResourceManager : unable to find resource 'webserviceImpl.vm' in any resource loader.
2018-10-24 14:30:54,343 - ResourceManager : unable to find resource 'webentity.vm' in any resource loader.
2018-10-24 14:30:54,346 - ResourceManager : unable to find resource 'webservice.vm' in any resource loader.
2018-10-24 14:30:54,349 - ResourceManager : unable to find resource 'webserviceImpl.vm' in any resource loader.
2018-10-24 14:30:54,352 - ResourceManager : unable to find resource 'webentity.vm' in any resource loader.
2018-10-24 14:30:54,355 - ResourceManager : unable to find resource 'webservice.vm' in any resource loader.
2018-10-24 14:30:54,358 - ResourceManager : unable to find resource 'webserviceImpl.vm' in any resource loader.
2018-10-24 14:30:54,361 - ResourceManager : unable to find resource 'webentity.vm' in any resource loader.
2018-10-24 14:30:54,363 - ResourceManager : unable to find resource 'webservice.vm' in any resource loader.
2018-10-24 14:30:54,367 - ResourceManager : unable to find resource 'webserviceImpl.vm' in any resource loader.
2018-10-24 14:30:54,371 - ResourceManager : unable to find resource 'webentity.vm' in any resource loader.
2018-10-24 14:30:54,374 - ResourceManager : unable to find resource 'webservice.vm' in any resource loader.
2018-10-24 14:30:54,376 - ResourceManager : unable to find resource 'webserviceImpl.vm' in any resource loader.
2018-10-24 14:30:54,379 - ResourceManager : unable to find resource 'webentity.vm' in any resource loader.
2018-10-24 14:30:54,383 - ResourceManager : unable to find resource 'webservice.vm' in any resource loader.
2018-10-24 14:30:54,385 - ResourceManager : unable to find resource 'webserviceImpl.vm' in any resource loader.
2018-10-24 14:30:54,387 - ResourceManager : unable to find resource 'webentity.vm' in any resource loader.
2018-10-24 14:30:54,389 - ResourceManager : unable to find resource 'webservice.vm' in any resource loader.
2018-10-24 14:30:54,391 - ResourceManager : unable to find resource 'webserviceImpl.vm' in any resource loader.
2018-10-24 14:30:54,393 - ResourceManager : unable to find resource 'webentity.vm' in any resource loader.
2018-10-24 14:30:54,395 - ResourceManager : unable to find resource 'webservice.vm' in any resource loader.
2018-10-24 14:30:54,398 - ResourceManager : unable to find resource 'webserviceImpl.vm' in any resource loader.
2018-10-24 14:30:54,401 - ResourceManager : unable to find resource 'webentity.vm' in any resource loader.
2018-10-24 14:30:54,403 - ResourceManager : unable to find resource 'webservice.vm' in any resource loader.
2018-10-24 14:30:54,405 - ResourceManager : unable to find resource 'webserviceImpl.vm' in any resource loader.
2018-10-24 14:30:54,407 - ResourceManager : unable to find resource 'webentity.vm' in any resource loader.
2018-10-24 14:30:54,409 - ResourceManager : unable to find resource 'webservice.vm' in any resource loader.
2018-10-24 14:30:54,411 - ResourceManager : unable to find resource 'webserviceImpl.vm' in any resource loader.
2018-10-24 14:30:54,413 - ResourceManager : unable to find resource 'webentity.vm' in any resource loader.
2018-10-24 14:30:54,416 - ResourceManager : unable to find resource 'webservice.vm' in any resource loader.
2018-10-24 14:30:54,418 - ResourceManager : unable to find resource 'webserviceImpl.vm' in any resource loader.
2018-10-24 14:30:54,420 - ResourceManager : unable to find resource 'webentity.vm' in any resource loader.
2018-10-24 14:30:54,422 - ResourceManager : unable to find resource 'webservice.vm' in any resource loader.
2018-10-24 14:30:54,425 - ResourceManager : unable to find resource 'webserviceImpl.vm' in any resource loader.
2018-10-24 14:30:54,429 - ResourceManager : unable to find resource 'Utils.vm' in any resource loader.
2018-10-24 14:30:54,431 - ResourceManager : unable to find resource 'Config.vm' in any resource loader.
2018-10-24 14:30:54,433 - ResourceManager : unable to find resource 'annotation.vm' in any resource loader.
2018-10-24 14:30:54,434 - ResourceManager : unable to find resource 'interceptor.vm' in any resource loader.
2018-10-24 14:30:54,436 - ResourceManager : unable to find resource 'repository.vm' in any resource loader.
2018-10-24 14:30:54,438 - ResourceManager : unable to find resource 'pom.vm' in any resource loader.
2018-10-24 14:35:50,061 - Log4JLogChute initialized using file 'velocity.log'
2018-10-24 14:35:50,062 - Initializing Velocity, Calling init()...
2018-10-24 14:35:50,062 - Starting Apache Velocity v1.7 (compiled: 2010-11-19 12:14:37)
2018-10-24 14:35:50,062 - Default Properties File: org\apache\velocity\runtime\defaults\velocity.properties
2018-10-24 14:35:50,062 - Trying to use logger class org.apache.velocity.runtime.log.AvalonLogChute
2018-10-24 14:35:50,062 - Target log system for org.apache.velocity.runtime.log.AvalonLogChute is not available (java.lang.NoClassDefFoundError: org/apache/log/format/Formatter).  Falling back to next log system...
2018-10-24 14:35:50,062 - Trying to use logger class org.apache.velocity.runtime.log.Log4JLogChute
2018-10-24 14:35:50,062 - Using logger class org.apache.velocity.runtime.log.Log4JLogChute
2018-10-24 14:35:50,066 - ResourceLoader instantiated: org.apache.velocity.runtime.resource.loader.FileResourceLoader
2018-10-24 14:35:50,066 - Do unicode file recognition:  false
2018-10-24 14:35:50,066 - FileResourceLoader : adding path 'config/template'
2018-10-24 14:35:50,073 - ResourceCache: initialized (class org.apache.velocity.runtime.resource.ResourceCacheImpl) with class java.util.Collections$SynchronizedMap cache map.
2018-10-24 14:35:50,074 - Loaded System Directive: org.apache.velocity.runtime.directive.Stop
2018-10-24 14:35:50,075 - Loaded System Directive: org.apache.velocity.runtime.directive.Define
2018-10-24 14:35:50,075 - Loaded System Directive: org.apache.velocity.runtime.directive.Break
2018-10-24 14:35:50,076 - Loaded System Directive: org.apache.velocity.runtime.directive.Evaluate
2018-10-24 14:35:50,076 - Loaded System Directive: org.apache.velocity.runtime.directive.Literal
2018-10-24 14:35:50,077 - Loaded System Directive: org.apache.velocity.runtime.directive.Macro
2018-10-24 14:35:50,078 - Loaded System Directive: org.apache.velocity.runtime.directive.Parse
2018-10-24 14:35:50,079 - Loaded System Directive: org.apache.velocity.runtime.directive.Include
2018-10-24 14:35:50,080 - Loaded System Directive: org.apache.velocity.runtime.directive.Foreach
2018-10-24 14:35:50,104 - Created '20' parsers.
2018-10-24 14:35:50,108 - Velocimacro : "velocimacro.library" is not set.  Trying default library: VM_global_library.vm
2018-10-24 14:35:50,108 - Velocimacro : Default library not found.
2018-10-24 14:35:50,108 - Velocimacro : allowInline = true : VMs can be defined inline in templates
2018-10-24 14:35:50,108 - Velocimacro : allowInlineToOverride = false : VMs defined inline may NOT replace previous VM definitions
2018-10-24 14:35:50,108 - Velocimacro : allowInlineLocal = false : VMs defined inline will be global in scope if allowed.
2018-10-24 14:35:50,108 - Velocimacro : autoload off : VM system will not automatically reload global library macros
2018-10-24 14:35:50,109 - ResourceManager : unable to find resource 'webentity.vm' in any resource loader.
2018-10-24 14:35:50,112 - ResourceManager : unable to find resource 'webservice.vm' in any resource loader.
2018-10-24 14:35:50,113 - ResourceManager : unable to find resource 'webserviceImpl.vm' in any resource loader.
2018-10-24 14:35:50,115 - ResourceManager : unable to find resource 'webentity.vm' in any resource loader.
2018-10-24 14:35:50,117 - ResourceManager : unable to find resource 'webservice.vm' in any resource loader.
2018-10-24 14:35:50,118 - ResourceManager : unable to find resource 'webserviceImpl.vm' in any resource loader.
2018-10-24 14:35:50,120 - ResourceManager : unable to find resource 'webentity.vm' in any resource loader.
2018-10-24 14:35:50,122 - ResourceManager : unable to find resource 'webservice.vm' in any resource loader.
2018-10-24 14:35:50,124 - ResourceManager : unable to find resource 'webserviceImpl.vm' in any resource loader.
2018-10-24 14:35:50,126 - ResourceManager : unable to find resource 'webentity.vm' in any resource loader.
2018-10-24 14:35:50,128 - ResourceManager : unable to find resource 'webservice.vm' in any resource loader.
2018-10-24 14:35:50,130 - ResourceManager : unable to find resource 'webserviceImpl.vm' in any resource loader.
2018-10-24 14:35:50,132 - ResourceManager : unable to find resource 'webentity.vm' in any resource loader.
2018-10-24 14:35:50,134 - ResourceManager : unable to find resource 'webservice.vm' in any resource loader.
2018-10-24 14:35:50,139 - ResourceManager : unable to find resource 'webserviceImpl.vm' in any resource loader.
2018-10-24 14:35:50,141 - ResourceManager : unable to find resource 'webentity.vm' in any resource loader.
2018-10-24 14:35:50,198 - ResourceManager : unable to find resource 'webservice.vm' in any resource loader.
2018-10-24 14:35:50,200 - ResourceManager : unable to find resource 'webserviceImpl.vm' in any resource loader.
2018-10-24 14:35:50,202 - ResourceManager : unable to find resource 'webentity.vm' in any resource loader.
2018-10-24 14:35:50,204 - ResourceManager : unable to find resource 'webservice.vm' in any resource loader.
2018-10-24 14:35:50,206 - ResourceManager : unable to find resource 'webserviceImpl.vm' in any resource loader.
2018-10-24 14:35:50,209 - ResourceManager : unable to find resource 'webentity.vm' in any resource loader.
2018-10-24 14:35:50,211 - ResourceManager : unable to find resource 'webservice.vm' in any resource loader.
2018-10-24 14:35:50,212 - ResourceManager : unable to find resource 'webserviceImpl.vm' in any resource loader.
2018-10-24 14:35:50,214 - ResourceManager : unable to find resource 'webentity.vm' in any resource loader.
2018-10-24 14:35:50,216 - ResourceManager : unable to find resource 'webservice.vm' in any resource loader.
2018-10-24 14:35:50,218 - ResourceManager : unable to find resource 'webserviceImpl.vm' in any resource loader.
2018-10-24 14:35:50,220 - ResourceManager : unable to find resource 'webentity.vm' in any resource loader.
2018-10-24 14:35:50,222 - ResourceManager : unable to find resource 'webservice.vm' in any resource loader.
2018-10-24 14:35:50,223 - ResourceManager : unable to find resource 'webserviceImpl.vm' in any resource loader.
2018-10-24 14:35:50,225 - ResourceManager : unable to find resource 'webentity.vm' in any resource loader.
2018-10-24 14:35:50,227 - ResourceManager : unable to find resource 'webservice.vm' in any resource loader.
2018-10-24 14:35:50,230 - ResourceManager : unable to find resource 'webserviceImpl.vm' in any resource loader.
2018-10-24 14:35:50,232 - ResourceManager : unable to find resource 'webentity.vm' in any resource loader.
2018-10-24 14:35:50,233 - ResourceManager : unable to find resource 'webservice.vm' in any resource loader.
2018-10-24 14:35:50,235 - ResourceManager : unable to find resource 'webserviceImpl.vm' in any resource loader.
2018-10-24 14:35:50,237 - ResourceManager : unable to find resource 'webentity.vm' in any resource loader.
2018-10-24 14:35:50,239 - ResourceManager : unable to find resource 'webservice.vm' in any resource loader.
2018-10-24 14:35:50,241 - ResourceManager : unable to find resource 'webserviceImpl.vm' in any resource loader.
2018-10-24 14:35:50,243 - ResourceManager : unable to find resource 'webentity.vm' in any resource loader.
2018-10-24 14:35:50,245 - ResourceManager : unable to find resource 'webservice.vm' in any resource loader.
2018-10-24 14:35:50,246 - ResourceManager : unable to find resource 'webserviceImpl.vm' in any resource loader.
2018-10-24 14:35:50,249 - ResourceManager : unable to find resource 'webentity.vm' in any resource loader.
2018-10-24 14:35:50,251 - ResourceManager : unable to find resource 'webservice.vm' in any resource loader.
2018-10-24 14:35:50,253 - ResourceManager : unable to find resource 'webserviceImpl.vm' in any resource loader.
2018-10-24 14:35:50,255 - ResourceManager : unable to find resource 'webentity.vm' in any resource loader.
2018-10-24 14:35:50,258 - ResourceManager : unable to find resource 'webservice.vm' in any resource loader.
2018-10-24 14:35:50,260 - ResourceManager : unable to find resource 'webserviceImpl.vm' in any resource loader.
2018-10-24 14:35:50,262 - ResourceManager : unable to find resource 'webentity.vm' in any resource loader.
2018-10-24 14:35:50,263 - ResourceManager : unable to find resource 'webentity.vm' in any resource loader.
2018-10-24 14:35:50,265 - ResourceManager : unable to find resource 'webservice.vm' in any resource loader.
2018-10-24 14:35:50,267 - ResourceManager : unable to find resource 'webserviceImpl.vm' in any resource loader.
2018-10-24 14:35:50,269 - ResourceManager : unable to find resource 'webentity.vm' in any resource loader.
2018-10-24 14:35:50,270 - ResourceManager : unable to find resource 'webservice.vm' in any resource loader.
2018-10-24 14:35:50,272 - ResourceManager : unable to find resource 'webserviceImpl.vm' in any resource loader.
2018-10-24 14:35:50,274 - ResourceManager : unable to find resource 'webentity.vm' in any resource loader.
2018-10-24 14:35:50,276 - ResourceManager : unable to find resource 'webservice.vm' in any resource loader.
2018-10-24 14:35:50,278 - ResourceManager : unable to find resource 'webserviceImpl.vm' in any resource loader.
2018-10-24 14:35:50,279 - ResourceManager : unable to find resource 'webentity.vm' in any resource loader.
2018-10-24 14:35:50,281 - ResourceManager : unable to find resource 'webservice.vm' in any resource loader.
2018-10-24 14:35:50,284 - ResourceManager : unable to find resource 'webserviceImpl.vm' in any resource loader.
2018-10-24 14:35:50,285 - ResourceManager : unable to find resource 'webentity.vm' in any resource loader.
2018-10-24 14:35:50,287 - ResourceManager : unable to find resource 'webentity.vm' in any resource loader.
2018-10-24 14:35:50,289 - ResourceManager : unable to find resource 'webservice.vm' in any resource loader.
2018-10-24 14:35:50,291 - ResourceManager : unable to find resource 'webserviceImpl.vm' in any resource loader.
2018-10-24 14:35:50,293 - ResourceManager : unable to find resource 'webentity.vm' in any resource loader.
2018-10-24 14:35:50,294 - ResourceManager : unable to find resource 'webservice.vm' in any resource loader.
2018-10-24 14:35:50,297 - ResourceManager : unable to find resource 'webserviceImpl.vm' in any resource loader.
2018-10-24 14:35:50,299 - ResourceManager : unable to find resource 'webentity.vm' in any resource loader.
2018-10-24 14:35:50,300 - ResourceManager : unable to find resource 'webservice.vm' in any resource loader.
2018-10-24 14:35:50,302 - ResourceManager : unable to find resource 'webserviceImpl.vm' in any resource loader.
2018-10-24 14:35:50,304 - ResourceManager : unable to find resource 'webentity.vm' in any resource loader.
2018-10-24 14:35:50,306 - ResourceManager : unable to find resource 'webservice.vm' in any resource loader.
2018-10-24 14:35:50,308 - ResourceManager : unable to find resource 'webserviceImpl.vm' in any resource loader.
2018-10-24 14:35:50,310 - ResourceManager : unable to find resource 'webentity.vm' in any resource loader.
2018-10-24 14:35:50,315 - ResourceManager : unable to find resource 'webservice.vm' in any resource loader.
2018-10-24 14:35:50,319 - ResourceManager : unable to find resource 'webserviceImpl.vm' in any resource loader.
2018-10-24 14:35:50,322 - ResourceManager : unable to find resource 'webentity.vm' in any resource loader.
2018-10-24 14:35:50,324 - ResourceManager : unable to find resource 'webservice.vm' in any resource loader.
2018-10-24 14:35:50,325 - ResourceManager : unable to find resource 'webserviceImpl.vm' in any resource loader.
2018-10-24 14:35:50,327 - ResourceManager : unable to find resource 'webentity.vm' in any resource loader.
2018-10-24 14:35:50,330 - ResourceManager : unable to find resource 'webentity.vm' in any resource loader.
2018-10-24 14:35:50,332 - ResourceManager : unable to find resource 'webservice.vm' in any resource loader.
2018-10-24 14:35:50,334 - ResourceManager : unable to find resource 'webserviceImpl.vm' in any resource loader.
2018-10-24 14:35:50,336 - ResourceManager : unable to find resource 'webentity.vm' in any resource loader.
2018-10-24 14:35:50,338 - ResourceManager : unable to find resource 'webservice.vm' in any resource loader.
2018-10-24 14:35:50,340 - ResourceManager : unable to find resource 'webserviceImpl.vm' in any resource loader.
2018-10-24 14:35:50,342 - ResourceManager : unable to find resource 'webentity.vm' in any resource loader.
2018-10-24 14:35:50,344 - ResourceManager : unable to find resource 'webservice.vm' in any resource loader.
2018-10-24 14:35:50,345 - ResourceManager : unable to find resource 'webserviceImpl.vm' in any resource loader.
2018-10-24 14:35:50,349 - ResourceManager : unable to find resource 'webentity.vm' in any resource loader.
2018-10-24 14:35:50,351 - ResourceManager : unable to find resource 'webservice.vm' in any resource loader.
2018-10-24 14:35:50,354 - ResourceManager : unable to find resource 'webserviceImpl.vm' in any resource loader.
2018-10-24 14:35:50,356 - ResourceManager : unable to find resource 'webentity.vm' in any resource loader.
2018-10-24 14:35:50,358 - ResourceManager : unable to find resource 'webservice.vm' in any resource loader.
2018-10-24 14:35:50,360 - ResourceManager : unable to find resource 'webserviceImpl.vm' in any resource loader.
2018-10-24 14:35:50,362 - ResourceManager : unable to find resource 'webentity.vm' in any resource loader.
2018-10-24 14:35:50,364 - ResourceManager : unable to find resource 'webservice.vm' in any resource loader.
2018-10-24 14:35:50,366 - ResourceManager : unable to find resource 'webserviceImpl.vm' in any resource loader.
2018-10-24 14:35:50,368 - ResourceManager : unable to find resource 'webentity.vm' in any resource loader.
2018-10-24 14:35:50,370 - ResourceManager : unable to find resource 'webservice.vm' in any resource loader.
2018-10-24 14:35:50,372 - ResourceManager : unable to find resource 'webserviceImpl.vm' in any resource loader.
2018-10-24 14:35:50,375 - ResourceManager : unable to find resource 'webentity.vm' in any resource loader.
2018-10-24 14:35:50,377 - ResourceManager : unable to find resource 'webservice.vm' in any resource loader.
2018-10-24 14:35:50,379 - ResourceManager : unable to find resource 'webserviceImpl.vm' in any resource loader.
2018-10-24 14:35:50,382 - ResourceManager : unable to find resource 'webentity.vm' in any resource loader.
2018-10-24 14:35:50,384 - ResourceManager : unable to find resource 'webservice.vm' in any resource loader.
2018-10-24 14:35:50,386 - ResourceManager : unable to find resource 'webserviceImpl.vm' in any resource loader.
2018-10-24 14:35:50,389 - ResourceManager : unable to find resource 'webentity.vm' in any resource loader.
2018-10-24 14:35:50,391 - ResourceManager : unable to find resource 'webservice.vm' in any resource loader.
2018-10-24 14:35:50,392 - ResourceManager : unable to find resource 'webserviceImpl.vm' in any resource loader.
2018-10-24 14:35:50,394 - ResourceManager : unable to find resource 'webentity.vm' in any resource loader.
2018-10-24 14:35:50,397 - ResourceManager : unable to find resource 'webservice.vm' in any resource loader.
2018-10-24 14:35:50,400 - ResourceManager : unable to find resource 'webserviceImpl.vm' in any resource loader.
2018-10-24 14:35:50,402 - ResourceManager : unable to find resource 'webentity.vm' in any resource loader.
2018-10-24 14:35:50,404 - ResourceManager : unable to find resource 'webservice.vm' in any resource loader.
2018-10-24 14:35:50,406 - ResourceManager : unable to find resource 'webserviceImpl.vm' in any resource loader.
2018-10-24 14:35:50,408 - ResourceManager : unable to find resource 'webentity.vm' in any resource loader.
2018-10-24 14:35:50,410 - ResourceManager : unable to find resource 'webservice.vm' in any resource loader.
2018-10-24 14:35:50,412 - ResourceManager : unable to find resource 'webserviceImpl.vm' in any resource loader.
2018-10-24 14:35:50,417 - ResourceManager : unable to find resource 'Utils.vm' in any resource loader.
2018-10-24 14:35:50,418 - ResourceManager : unable to find resource 'Config.vm' in any resource loader.
2018-10-24 14:35:50,420 - ResourceManager : unable to find resource 'annotation.vm' in any resource loader.
2018-10-24 14:35:50,422 - ResourceManager : unable to find resource 'interceptor.vm' in any resource loader.
2018-10-24 14:35:50,423 - ResourceManager : unable to find resource 'repository.vm' in any resource loader.
2018-10-24 14:35:50,425 - ResourceManager : unable to find resource 'pom.vm' in any resource loader.
2018-10-24 14:39:58,482 - Log4JLogChute initialized using file 'velocity.log'
2018-10-24 14:39:58,483 - Initializing Velocity, Calling init()...
2018-10-24 14:39:58,483 - Starting Apache Velocity v1.7 (compiled: 2010-11-19 12:14:37)
2018-10-24 14:39:58,483 - Default Properties File: org\apache\velocity\runtime\defaults\velocity.properties
2018-10-24 14:39:58,483 - Trying to use logger class org.apache.velocity.runtime.log.AvalonLogChute
2018-10-24 14:39:58,483 - Target log system for org.apache.velocity.runtime.log.AvalonLogChute is not available (java.lang.NoClassDefFoundError: org/apache/log/format/Formatter).  Falling back to next log system...
2018-10-24 14:39:58,483 - Trying to use logger class org.apache.velocity.runtime.log.Log4JLogChute
2018-10-24 14:39:58,483 - Using logger class org.apache.velocity.runtime.log.Log4JLogChute
2018-10-24 14:39:58,486 - ResourceLoader instantiated: org.apache.velocity.runtime.resource.loader.FileResourceLoader
2018-10-24 14:39:58,487 - Do unicode file recognition:  false
2018-10-24 14:39:58,487 - FileResourceLoader : adding path 'config/template'
2018-10-24 14:39:58,494 - ResourceCache: initialized (class org.apache.velocity.runtime.resource.ResourceCacheImpl) with class java.util.Collections$SynchronizedMap cache map.
2018-10-24 14:39:58,495 - Loaded System Directive: org.apache.velocity.runtime.directive.Stop
2018-10-24 14:39:58,496 - Loaded System Directive: org.apache.velocity.runtime.directive.Define
2018-10-24 14:39:58,496 - Loaded System Directive: org.apache.velocity.runtime.directive.Break
2018-10-24 14:39:58,497 - Loaded System Directive: org.apache.velocity.runtime.directive.Evaluate
2018-10-24 14:39:58,497 - Loaded System Directive: org.apache.velocity.runtime.directive.Literal
2018-10-24 14:39:58,499 - Loaded System Directive: org.apache.velocity.runtime.directive.Macro
2018-10-24 14:39:58,500 - Loaded System Directive: org.apache.velocity.runtime.directive.Parse
2018-10-24 14:39:58,501 - Loaded System Directive: org.apache.velocity.runtime.directive.Include
2018-10-24 14:39:58,502 - Loaded System Directive: org.apache.velocity.runtime.directive.Foreach
2018-10-24 14:39:58,524 - Created '20' parsers.
2018-10-24 14:39:58,529 - Velocimacro : "velocimacro.library" is not set.  Trying default library: VM_global_library.vm
2018-10-24 14:39:58,529 - Velocimacro : Default library not found.
2018-10-24 14:39:58,529 - Velocimacro : allowInline = true : VMs can be defined inline in templates
2018-10-24 14:39:58,529 - Velocimacro : allowInlineToOverride = false : VMs defined inline may NOT replace previous VM definitions
2018-10-24 14:39:58,529 - Velocimacro : allowInlineLocal = false : VMs defined inline will be global in scope if allowed.
2018-10-24 14:39:58,529 - Velocimacro : autoload off : VM system will not automatically reload global library macros
2018-10-24 14:39:58,530 - ResourceManager : unable to find resource 'webentity.vm' in any resource loader.
2018-10-24 14:39:58,533 - ResourceManager : unable to find resource 'webservice.vm' in any resource loader.
2018-10-24 14:39:58,534 - ResourceManager : unable to find resource 'webserviceImpl.vm' in any resource loader.
2018-10-24 14:39:58,536 - ResourceManager : unable to find resource 'webentity.vm' in any resource loader.
2018-10-24 14:39:58,537 - ResourceManager : unable to find resource 'webservice.vm' in any resource loader.
2018-10-24 14:39:58,538 - ResourceManager : unable to find resource 'webserviceImpl.vm' in any resource loader.
2018-10-24 14:39:58,539 - ResourceManager : unable to find resource 'webentity.vm' in any resource loader.
2018-10-24 14:39:58,540 - ResourceManager : unable to find resource 'webservice.vm' in any resource loader.
2018-10-24 14:39:58,542 - ResourceManager : unable to find resource 'webserviceImpl.vm' in any resource loader.
2018-10-24 14:39:58,543 - ResourceManager : unable to find resource 'webentity.vm' in any resource loader.
2018-10-24 14:39:58,545 - ResourceManager : unable to find resource 'webservice.vm' in any resource loader.
2018-10-24 14:39:58,546 - ResourceManager : unable to find resource 'webserviceImpl.vm' in any resource loader.
2018-10-24 14:39:58,547 - ResourceManager : unable to find resource 'webentity.vm' in any resource loader.
2018-10-24 14:39:58,549 - ResourceManager : unable to find resource 'webservice.vm' in any resource loader.
2018-10-24 14:39:58,550 - ResourceManager : unable to find resource 'webserviceImpl.vm' in any resource loader.
2018-10-24 14:39:58,552 - ResourceManager : unable to find resource 'webentity.vm' in any resource loader.
2018-10-24 14:39:58,553 - ResourceManager : unable to find resource 'webservice.vm' in any resource loader.
2018-10-24 14:39:58,554 - ResourceManager : unable to find resource 'webserviceImpl.vm' in any resource loader.
2018-10-24 14:39:58,556 - ResourceManager : unable to find resource 'webentity.vm' in any resource loader.
2018-10-24 14:39:58,557 - ResourceManager : unable to find resource 'webservice.vm' in any resource loader.
2018-10-24 14:39:58,559 - ResourceManager : unable to find resource 'webserviceImpl.vm' in any resource loader.
2018-10-24 14:39:58,560 - ResourceManager : unable to find resource 'webentity.vm' in any resource loader.
2018-10-24 14:39:58,562 - ResourceManager : unable to find resource 'webservice.vm' in any resource loader.
2018-10-24 14:39:58,563 - ResourceManager : unable to find resource 'webserviceImpl.vm' in any resource loader.
2018-10-24 14:39:58,564 - ResourceManager : unable to find resource 'webentity.vm' in any resource loader.
2018-10-24 14:39:58,566 - ResourceManager : unable to find resource 'webservice.vm' in any resource loader.
2018-10-24 14:39:58,567 - ResourceManager : unable to find resource 'webserviceImpl.vm' in any resource loader.
2018-10-24 14:39:58,568 - ResourceManager : unable to find resource 'webentity.vm' in any resource loader.
2018-10-24 14:39:58,569 - ResourceManager : unable to find resource 'webservice.vm' in any resource loader.
2018-10-24 14:39:58,570 - ResourceManager : unable to find resource 'webserviceImpl.vm' in any resource loader.
2018-10-24 14:39:58,572 - ResourceManager : unable to find resource 'webentity.vm' in any resource loader.
2018-10-24 14:39:58,573 - ResourceManager : unable to find resource 'webservice.vm' in any resource loader.
2018-10-24 14:39:58,575 - ResourceManager : unable to find resource 'webserviceImpl.vm' in any resource loader.
2018-10-24 14:39:58,576 - ResourceManager : unable to find resource 'webentity.vm' in any resource loader.
2018-10-24 14:39:58,577 - ResourceManager : unable to find resource 'webservice.vm' in any resource loader.
2018-10-24 14:39:58,579 - ResourceManager : unable to find resource 'webserviceImpl.vm' in any resource loader.
2018-10-24 14:39:58,580 - ResourceManager : unable to find resource 'webentity.vm' in any resource loader.
2018-10-24 14:39:58,581 - ResourceManager : unable to find resource 'webservice.vm' in any resource loader.
2018-10-24 14:39:58,583 - ResourceManager : unable to find resource 'webserviceImpl.vm' in any resource loader.
2018-10-24 14:39:58,584 - ResourceManager : unable to find resource 'webentity.vm' in any resource loader.
2018-10-24 14:39:58,585 - ResourceManager : unable to find resource 'webservice.vm' in any resource loader.
2018-10-24 14:39:58,586 - ResourceManager : unable to find resource 'webserviceImpl.vm' in any resource loader.
2018-10-24 14:39:58,588 - ResourceManager : unable to find resource 'webentity.vm' in any resource loader.
2018-10-24 14:39:58,589 - ResourceManager : unable to find resource 'webservice.vm' in any resource loader.
2018-10-24 14:39:58,591 - ResourceManager : unable to find resource 'webserviceImpl.vm' in any resource loader.
2018-10-24 14:39:58,593 - ResourceManager : unable to find resource 'webentity.vm' in any resource loader.
2018-10-24 14:39:58,594 - ResourceManager : unable to find resource 'webservice.vm' in any resource loader.
2018-10-24 14:39:58,596 - ResourceManager : unable to find resource 'webserviceImpl.vm' in any resource loader.
2018-10-24 14:39:58,597 - ResourceManager : unable to find resource 'webentity.vm' in any resource loader.
2018-10-24 14:39:58,598 - ResourceManager : unable to find resource 'webentity.vm' in any resource loader.
2018-10-24 14:39:58,599 - ResourceManager : unable to find resource 'webservice.vm' in any resource loader.
2018-10-24 14:39:58,601 - ResourceManager : unable to find resource 'webserviceImpl.vm' in any resource loader.
2018-10-24 14:39:58,602 - ResourceManager : unable to find resource 'webentity.vm' in any resource loader.
2018-10-24 14:39:58,603 - ResourceManager : unable to find resource 'webservice.vm' in any resource loader.
2018-10-24 14:39:58,604 - ResourceManager : unable to find resource 'webserviceImpl.vm' in any resource loader.
2018-10-24 14:39:58,606 - ResourceManager : unable to find resource 'webentity.vm' in any resource loader.
2018-10-24 14:39:58,607 - ResourceManager : unable to find resource 'webservice.vm' in any resource loader.
2018-10-24 14:39:58,608 - ResourceManager : unable to find resource 'webserviceImpl.vm' in any resource loader.
2018-10-24 14:39:58,609 - ResourceManager : unable to find resource 'webentity.vm' in any resource loader.
2018-10-24 14:39:58,611 - ResourceManager : unable to find resource 'webservice.vm' in any resource loader.
2018-10-24 14:39:58,612 - ResourceManager : unable to find resource 'webserviceImpl.vm' in any resource loader.
2018-10-24 14:39:58,613 - ResourceManager : unable to find resource 'webentity.vm' in any resource loader.
2018-10-24 14:39:58,615 - ResourceManager : unable to find resource 'webentity.vm' in any resource loader.
2018-10-24 14:39:58,616 - ResourceManager : unable to find resource 'webservice.vm' in any resource loader.
2018-10-24 14:39:58,617 - ResourceManager : unable to find resource 'webserviceImpl.vm' in any resource loader.
2018-10-24 14:39:58,619 - ResourceManager : unable to find resource 'webentity.vm' in any resource loader.
2018-10-24 14:39:58,620 - ResourceManager : unable to find resource 'webservice.vm' in any resource loader.
2018-10-24 14:39:58,621 - ResourceManager : unable to find resource 'webserviceImpl.vm' in any resource loader.
2018-10-24 14:39:58,623 - ResourceManager : unable to find resource 'webentity.vm' in any resource loader.
2018-10-24 14:39:58,624 - ResourceManager : unable to find resource 'webservice.vm' in any resource loader.
2018-10-24 14:39:58,625 - ResourceManager : unable to find resource 'webserviceImpl.vm' in any resource loader.
2018-10-24 14:39:58,627 - ResourceManager : unable to find resource 'webentity.vm' in any resource loader.
2018-10-24 14:39:58,628 - ResourceManager : unable to find resource 'webservice.vm' in any resource loader.
2018-10-24 14:39:58,629 - ResourceManager : unable to find resource 'webserviceImpl.vm' in any resource loader.
2018-10-24 14:39:58,630 - ResourceManager : unable to find resource 'webentity.vm' in any resource loader.
2018-10-24 14:39:58,632 - ResourceManager : unable to find resource 'webservice.vm' in any resource loader.
2018-10-24 14:39:58,633 - ResourceManager : unable to find resource 'webserviceImpl.vm' in any resource loader.
2018-10-24 14:39:58,635 - ResourceManager : unable to find resource 'webentity.vm' in any resource loader.
2018-10-24 14:39:58,637 - ResourceManager : unable to find resource 'webservice.vm' in any resource loader.
2018-10-24 14:39:58,639 - ResourceManager : unable to find resource 'webserviceImpl.vm' in any resource loader.
2018-10-24 14:39:58,641 - ResourceManager : unable to find resource 'webentity.vm' in any resource loader.
2018-10-24 14:39:58,643 - ResourceManager : unable to find resource 'webentity.vm' in any resource loader.
2018-10-24 14:39:58,645 - ResourceManager : unable to find resource 'webservice.vm' in any resource loader.
2018-10-24 14:39:58,647 - ResourceManager : unable to find resource 'webserviceImpl.vm' in any resource loader.
2018-10-24 14:39:58,649 - ResourceManager : unable to find resource 'webentity.vm' in any resource loader.
2018-10-24 14:39:58,650 - ResourceManager : unable to find resource 'webservice.vm' in any resource loader.
2018-10-24 14:39:58,652 - ResourceManager : unable to find resource 'webserviceImpl.vm' in any resource loader.
2018-10-24 14:39:58,654 - ResourceManager : unable to find resource 'webentity.vm' in any resource loader.
2018-10-24 14:39:58,655 - ResourceManager : unable to find resource 'webservice.vm' in any resource loader.
2018-10-24 14:39:58,656 - ResourceManager : unable to find resource 'webserviceImpl.vm' in any resource loader.
2018-10-24 14:39:58,658 - ResourceManager : unable to find resource 'webentity.vm' in any resource loader.
2018-10-24 14:39:58,659 - ResourceManager : unable to find resource 'webservice.vm' in any resource loader.
2018-10-24 14:39:58,660 - ResourceManager : unable to find resource 'webserviceImpl.vm' in any resource loader.
2018-10-24 14:39:58,662 - ResourceManager : unable to find resource 'webentity.vm' in any resource loader.
2018-10-24 14:39:58,662 - ResourceManager : unable to find resource 'webservice.vm' in any resource loader.
2018-10-24 14:39:58,664 - ResourceManager : unable to find resource 'webserviceImpl.vm' in any resource loader.
2018-10-24 14:39:58,665 - ResourceManager : unable to find resource 'webentity.vm' in any resource loader.
2018-10-24 14:39:58,666 - ResourceManager : unable to find resource 'webservice.vm' in any resource loader.
2018-10-24 14:39:58,668 - ResourceManager : unable to find resource 'webserviceImpl.vm' in any resource loader.
2018-10-24 14:39:58,669 - ResourceManager : unable to find resource 'webentity.vm' in any resource loader.
2018-10-24 14:39:58,671 - ResourceManager : unable to find resource 'webservice.vm' in any resource loader.
2018-10-24 14:39:58,672 - ResourceManager : unable to find resource 'webserviceImpl.vm' in any resource loader.
2018-10-24 14:39:58,673 - ResourceManager : unable to find resource 'webentity.vm' in any resource loader.
2018-10-24 14:39:58,675 - ResourceManager : unable to find resource 'webservice.vm' in any resource loader.
2018-10-24 14:39:58,676 - ResourceManager : unable to find resource 'webserviceImpl.vm' in any resource loader.
2018-10-24 14:39:58,677 - ResourceManager : unable to find resource 'webentity.vm' in any resource loader.
2018-10-24 14:39:58,679 - ResourceManager : unable to find resource 'webservice.vm' in any resource loader.
2018-10-24 14:39:58,680 - ResourceManager : unable to find resource 'webserviceImpl.vm' in any resource loader.
2018-10-24 14:39:58,681 - ResourceManager : unable to find resource 'webentity.vm' in any resource loader.
2018-10-24 14:39:58,683 - ResourceManager : unable to find resource 'webservice.vm' in any resource loader.
2018-10-24 14:39:58,684 - ResourceManager : unable to find resource 'webserviceImpl.vm' in any resource loader.
2018-10-24 14:39:58,686 - ResourceManager : unable to find resource 'webentity.vm' in any resource loader.
2018-10-24 14:39:58,687 - ResourceManager : unable to find resource 'webservice.vm' in any resource loader.
2018-10-24 14:39:58,688 - ResourceManager : unable to find resource 'webserviceImpl.vm' in any resource loader.
2018-10-24 14:39:58,690 - ResourceManager : unable to find resource 'webentity.vm' in any resource loader.
2018-10-24 14:39:58,691 - ResourceManager : unable to find resource 'webservice.vm' in any resource loader.
2018-10-24 14:39:58,692 - ResourceManager : unable to find resource 'webserviceImpl.vm' in any resource loader.
2018-10-24 14:39:58,694 - ResourceManager : unable to find resource 'webentity.vm' in any resource loader.
2018-10-24 14:39:58,695 - ResourceManager : unable to find resource 'webservice.vm' in any resource loader.
2018-10-24 14:39:58,697 - ResourceManager : unable to find resource 'webserviceImpl.vm' in any resource loader.
2018-10-24 14:39:58,701 - ResourceManager : unable to find resource 'Utils.vm' in any resource loader.
2018-10-24 14:39:58,702 - ResourceManager : unable to find resource 'Config.vm' in any resource loader.
2018-10-24 14:39:58,703 - ResourceManager : unable to find resource 'annotation.vm' in any resource loader.
2018-10-24 14:39:58,705 - ResourceManager : unable to find resource 'interceptor.vm' in any resource loader.
2018-10-24 14:39:58,706 - ResourceManager : unable to find resource 'repository.vm' in any resource loader.
2018-10-24 14:39:58,708 - ResourceManager : unable to find resource 'pom.vm' in any resource loader.
